May 04 18:44 : exception: Failed to decode /home/shreyas/Music/Cartoon - On & On (feat. Daniel Levi) [NCS Release].mp3; Failed to open '/home/shreyas/Music/Cartoon - On & On (feat. Daniel Levi) [NCS Release].mp3': No such file or directory
May 04 18:44 : player: played "Cartoon - On & On (feat. Daniel Levi) [NCS Release].mp3"
May 04 18:44 : exception: Failed to decode /home/shreyas/Music/Culture Code - Make Me Move (feat. Karra) [NCS Release].mp3; Failed to open '/home/shreyas/Music/Culture Code - Make Me Move (feat. Karra) [NCS Release].mp3': No such file or directory
May 04 18:44 : player: played "Culture Code - Make Me Move (feat. Karra) [NCS Release].mp3"
May 04 18:44 : exception: Failed to decode /home/shreyas/Music/Janji - Heroes Tonight (feat. Johnning) [NCS Release].mp3; Failed to open '/home/shreyas/Music/Janji - Heroes Tonight (feat. Johnning) [NCS Release].mp3': No such file or directory
May 04 18:44 : player: played "Janji - Heroes Tonight (feat. Johnning) [NCS Release].mp3"
May 04 18:44 : exception: Failed to decode /home/shreyas/Music/N3WPORT - Power (feat. braev) [NCS Release].mp3; Failed to open '/home/shreyas/Music/N3WPORT - Power (feat. braev) [NCS Release].mp3': No such file or directory
May 04 18:44 : player: played "N3WPORT - Power (feat. braev) [NCS Release].mp3"
May 04 18:44 : exception: Failed to decode /home/shreyas/Music/NEFFEX - Grateful [Copyright Free].mp3; Failed to open '/home/shreyas/Music/NEFFEX - Grateful [Copyright Free].mp3': No such file or directory
May 04 18:44 : player: played "NEFFEX - Grateful [Copyright Free].mp3"
May 04 19:25 : exception: Failed to decode /home/shreyas/Music/NEFFEX - Grateful [Copyright Free].mp3; Failed to open '/home/shreyas/Music/NEFFEX - Grateful [Copyright Free].mp3': No such file or directory
May 04 19:25 : player: played "NEFFEX - Grateful [Copyright Free].mp3"
May 04 19:26 : exception: Failed to decode /home/shreyas/Music/NEFFEX - Grateful [Copyright Free].mp3; Failed to open '/home/shreyas/Music/NEFFEX - Grateful [Copyright Free].mp3': No such file or directory
May 04 19:26 : player: played "NEFFEX - Grateful [Copyright Free].mp3"
May 05 09:02 : exception: Failed to decode /home/shreyas/Music/Cartoon - On & On (feat. Daniel Levi) [NCS Release].mp3; Failed to open '/home/shreyas/Music/Cartoon - On & On (feat. Daniel Levi) [NCS Release].mp3': No such file or directory
May 05 09:02 : player: played "Cartoon - On & On (feat. Daniel Levi) [NCS Release].mp3"
May 05 09:02 : exception: Failed to decode /home/shreyas/Music/Culture Code - Make Me Move (feat. Karra) [NCS Release].mp3; Failed to open '/home/shreyas/Music/Culture Code - Make Me Move (feat. Karra) [NCS Release].mp3': No such file or directory
May 05 09:02 : player: played "Culture Code - Make Me Move (feat. Karra) [NCS Release].mp3"
May 05 09:02 : exception: Failed to decode /home/shreyas/Music/Janji - Heroes Tonight (feat. Johnning) [NCS Release].mp3; Failed to open '/home/shreyas/Music/Janji - Heroes Tonight (feat. Johnning) [NCS Release].mp3': No such file or directory
May 05 09:02 : player: played "Janji - Heroes Tonight (feat. Johnning) [NCS Release].mp3"
May 05 09:02 : exception: Failed to decode /home/shreyas/Music/N3WPORT - Power (feat. braev) [NCS Release].mp3; Failed to open '/home/shreyas/Music/N3WPORT - Power (feat. braev) [NCS Release].mp3': No such file or directory
May 05 09:02 : player: played "N3WPORT - Power (feat. braev) [NCS Release].mp3"
May 05 09:02 : exception: Failed to decode /home/shreyas/Music/NEFFEX - Grateful [Copyright Free].mp3; Failed to open '/home/shreyas/Music/NEFFEX - Grateful [Copyright Free].mp3': No such file or directory
May 05 09:02 : player: played "NEFFEX - Grateful [Copyright Free].mp3"
May 05 09:22 : exception: Failed to decode /home/shreyas/Music/Cartoon - On & On (feat. Daniel Levi) [NCS Release].mp3; Failed to open '/home/shreyas/Music/Cartoon - On & On (feat. Daniel Levi) [NCS Release].mp3': No such file or directory
May 05 09:22 : player: played "Cartoon - On & On (feat. Daniel Levi) [NCS Release].mp3"
May 05 09:22 : exception: Failed to decode /home/shreyas/Music/Culture Code - Make Me Move (feat. Karra) [NCS Release].mp3; Failed to open '/home/shreyas/Music/Culture Code - Make Me Move (feat. Karra) [NCS Release].mp3': No such file or directory
May 05 09:22 : player: played "Culture Code - Make Me Move (feat. Karra) [NCS Release].mp3"
May 05 09:22 : exception: Failed to decode /home/shreyas/Music/Janji - Heroes Tonight (feat. Johnning) [NCS Release].mp3; Failed to open '/home/shreyas/Music/Janji - Heroes Tonight (feat. Johnning) [NCS Release].mp3': No such file or directory
May 05 09:22 : player: played "Janji - Heroes Tonight (feat. Johnning) [NCS Release].mp3"
May 05 09:22 : exception: Failed to decode /home/shreyas/Music/N3WPORT - Power (feat. braev) [NCS Release].mp3; Failed to open '/home/shreyas/Music/N3WPORT - Power (feat. braev) [NCS Release].mp3': No such file or directory
May 05 09:22 : player: played "N3WPORT - Power (feat. braev) [NCS Release].mp3"
May 05 09:22 : exception: Failed to decode /home/shreyas/Music/NEFFEX - Grateful [Copyright Free].mp3; Failed to open '/home/shreyas/Music/NEFFEX - Grateful [Copyright Free].mp3': No such file or directory
May 05 09:22 : player: played "NEFFEX - Grateful [Copyright Free].mp3"
May 05 11:31 : exception: Failed to decode /home/shreyas/Music/NEFFEX - Grateful [Copyright Free].mp3; Failed to open '/home/shreyas/Music/NEFFEX - Grateful [Copyright Free].mp3': No such file or directory
May 05 11:31 : player: played "NEFFEX - Grateful [Copyright Free].mp3"
May 05 11:31 : update: removing Cartoon - On & On (feat. Daniel Levi) [NCS Release].mp3
May 05 11:31 : update: removing NEFFEX - Grateful [Copyright Free].mp3
May 05 11:31 : update: removing N3WPORT - Power (feat. braev) [NCS Release].mp3
May 05 11:31 : update: removing Janji - Heroes Tonight (feat. Johnning) [NCS Release].mp3
May 05 11:31 : update: removing Culture Code - Make Me Move (feat. Karra) [NCS Release].mp3
May 05 11:31 : update: added /Koodamela Koodavechi.mp3
May 05 11:31 : update: added /Game Of Thrones (KSHMR  The Golden Army Remix) (Free HQ Download).mp3
May 05 11:31 : update: added /Sonapareeya .mp3
May 05 11:31 : update: added /Neruppu Da BGM.mp3
May 05 11:31 : update: added /Aval-MassTamilan.com.mp3
May 05 11:31 : update: added /Panic! at the Disco - Hallelujah (DawnFoxes.com).mp3
May 05 11:31 : update: added /Neruppu Da [HqMp3Songs.Com].mp3
May 05 11:31 : update: added /Kerala Song-Isaimini.Audio.mp3
May 05 11:31 : update: added /Imagine Dragons - Whatever It Takes (Oddcube & Arcando Remix).mp3
May 05 11:31 : update: added /Osaka Osaka.mp3
May 05 11:31 : update: added /Aathadi_Aathadi-StarMusiQ.Com.mp3
May 05 11:31 : update: added /XcLYlbLRLb.mp3
May 05 11:31 : update: added /Alan Walker - Faded [128].mp3
May 05 11:31 : update: added /Martin Garrix - Animals (Original Mix).mp3
May 05 11:31 : update: added /A Thousand Years - Christina Perri Lyrics-1.mp3
May 05 11:31 : update: added /Azhagu_(F)-StarMusiQ.Com.mp3
May 05 11:31 : update: added /alan-walker-fade.mp3
May 05 11:31 : update: added /Maruvaarthai_Pesathey-5StarMusiQ.Com.mp3
May 05 11:31 : update: added /Kill Jill.mp3
May 05 11:31 : update: added /Dandanakka-Anirudh_Ravichander[www.Mp3MaD.Com].mp3
May 05 11:31 : update: added /Naan_Nee-StarMusiQ.Com.mp3
May 05 11:31 : update: added /Panic-At-The-Disco-Bohemian-Rhapsody-from-Suicide-Squad-The-Album-Audio_Jl6oJTB4TpA.mp3
May 05 11:31 : update: added /Imaikkaa Nodigal  Neeyum Naanum Anbe Video Song  Vijay Sethupathi Nayanthara  Hiphop Tamizha.mp3
May 05 11:31 : update: added /04-l-s-theme.mp3
May 05 11:31 : update: added /John Denver - Take Me Home, Country Roads (Audio).mp3
May 05 11:31 : update: added /Iraiva Ennai Thedi - MassTamilan.com.mp3
May 05 11:31 : update: added /BLVCKLIST, Cleeezus & Blvkstn - West Coast.mp3
May 05 11:31 : update: added /Pistah-Various--Raag.Me--.mp3
May 05 11:31 : update: added /Innum Konjam Naeram.mp3
May 05 11:31 : update: added /Kaathalae Kaathalae (Duet) - SenSongsMp3.Co.mp3
May 05 11:31 : update: added /Thalai_Viduthalai-5StarMusiQ.Com.mp3
May 05 11:31 : update: added /Billie Eilish - bad guy.mp3
May 05 11:31 : update: added /Maangalyam (Wedding Song) - Bangalore Days (WapMallu.CoM).mp3
May 05 11:31 : update: added /Anthaathi - SenSongsMp3.Co.mp3
May 05 11:31 : update: added /project-igi-ingame-02.mp3
May 05 11:31 : update: added /Mazhai-Kuruvi-MassTamilan.com.mp3
May 05 11:31 : update: added /Guleba-Sokama-Sokama-MassTamilan.com.mp3
May 05 11:31 : update: added /01+Vaadi+Pulla+Vaadi+-+Hiphop+Tamizha.+Adhi.mp3
May 05 11:31 : update: added /Imagine_Dragons_-_Believer.mp3
May 05 11:31 : update: added /Donu Donu Donu.mp3
May 05 11:31 : update: added /Vishnu Sahasranamam Stotram.mp3
May 05 11:31 : update: added /Panic! At The Disco- This Is Gospel (Split Tracks).mp3
May 05 11:31 : update: added /Toto - Africa (Official Music Video).mp3
May 05 11:31 : update: added /Appangalembadum-Various--Raag.Me--.mp3
May 05 11:31 : update: added /Kadhalaada_Kadhal_Aada-5StarMusiQ.Com.mp3
May 05 11:31 : update: added /Aura Vortex & Gottinari - Rampage! (Original Mix) (1).mp3
May 05 11:31 : update: added /Pakkam Vanthu.mp3
May 05 11:31 : update: added /Maya Nadhi.mp3
May 05 11:31 : update: added /Kaalam Yen Kadhali - 128Kbps - (www.songspksongspk.co).mp3
May 05 11:31 : update: added /The Theri Theme - Vedhalam (WapMallu.CoM).mp3
May 05 11:31 : update: added /Showkali.mp3
May 05 11:31 : update: added /Oh Penne.mp3
May 05 11:31 : update: added /Two Feet - Go Fck Yourself.mp3
May 05 11:31 : update: added /Avenged Sevenfold - 01 - Nightmare.mp3
May 05 11:31 : update: added /Mei_Nigara-StarMusiQ.Com.mp3
May 05 11:31 : update: added /Naana_Thaana_Veena_Ponaa-5StarMusiQ.Com.mp3
May 05 11:31 : update: added /Muskurane-(Mr-Jatt.com).mp3
May 05 11:31 : update: added /Hosanna.mp3
May 05 11:31 : update: added /Apashe - Majesty (feat. Wasiu) Trap Music.mp3
May 05 11:31 : update: added /Urimayai Meetpom - SenSongsMp3.Co.mp3
May 05 11:31 : update: added /Virtual Barber Shop Hair Cut 3d Sound (use Headphone And Close Your Eye).mp3
May 05 11:31 : update: added /Aero Chord - Drop It.mp3
May 05 11:31 : update: added /Enna_Nadanthalum-5StarMusiQ.Com.mp3
May 05 11:31 : update: added /Varlaam Varlaam Vaa.mp3
May 05 11:31 : update: added /Danny Olson - Waiting (ft. Bianca).mp3
May 05 11:31 : update: added /Face Off (Theme)--Raag.Me--.mp3
May 05 11:31 : update: added /Emperor's New Clothes.mp3
May 05 11:31 : update: added /Barren Gates - Area 51.mp3
May 05 11:31 : update: added /Hey_Suzhali-StarMusiQ.Com.mp3
May 05 11:31 : update: added /Zomboy - Nuclear (Hands Up).mp3
May 05 11:31 : update: added /Yennai Maatrum Kadhale-(Mr-Jatt.com).mp3
May 05 11:31 : update: added /Green_Day_-_21_Gun_(mp3.pm).mp3
May 05 11:31 : update: added /Thalli Pogathey--Raag.Me--.mp3
May 05 11:31 : update: added /Y2K, bbno$ - Lalala (Official Video).mp3
May 05 11:31 : update: added /Ennodu Nee Irundhal.mp3
May 05 11:31 : update: added /Karuppu Nerathazhagi.mp3
May 05 11:31 : update: added /Iravingu Theevai - SenSongsMp3.Co.mp3
May 05 11:31 : update: added /Yaanji_Yaanji-5StarMusiQ.Com.mp3
May 05 11:31 : update: added /Sirukki_Vaasam-StarMusiQ.Com.mp3
May 05 11:31 : update: added /Serhat Durmus - Not Alone.mp3
May 05 11:31 : update: added /Senjitaley.mp3
May 05 11:31 : update: added /Vasantha Kaalangal - SenSongsMp3.Co.mp3
May 05 11:31 : update: added /Aaluma Doluma--Raag.Me--.mp3
May 05 11:31 : update: added /Mersalaayitten - TamilTunes.com.mp3
May 05 11:31 : update: added /Tum_Hi_Ho-Arijit_Singh-www.Mp3Mad.Com.mp3
May 05 11:31 : update: added /The Chainsmokers - Don't Let Me Down (Illenium Remix).mp3
May 05 11:31 : update: added /Rasaali.mp3
May 05 11:31 : update: added /Serhat Durmus - Silence Of Reality.mp3
May 05 11:31 : update: added /Tsunami.mp3
May 05 11:31 : update: added /Kurumba-(Fathers-Love)-MassTamilan.com.mp3
May 05 11:31 : update: added /KSHMR  Marnik (ft. The Golden Army) - SHIVA (Sunburn 2017 Anthem) -Official Audio-.mp3
May 05 11:31 : update: added /Karuthavanlaam Galeejaam - MassTamilan.com.mp3
May 05 11:31 : update: added /Paakaadhae Paakaadhae.mp3
May 05 11:31 : update: added /Katravai Patravai - SenSongsMp3.Co.mp3
May 05 11:31 : update: added /Open The Tasmac.mp3
May 05 11:31 : update: added /Manasula Soora.mp3
May 05 11:31 : update: added /Mannipaaya (1).mp3
May 05 11:31 : update: added /Madras-StarMusiQ.Com.mp3
May 05 11:31 : update: added /Joker OST - Main Theme.mp3
May 05 11:31 : update: added /Surviva (From Vivegam) - Tamilanda.com.mp3
May 05 11:31 : update: added /Serhat Durmus - Hislerim (ft. Zerrin).mp3
May 05 11:31 : update: added /Charlie Puth - Attention [Official Video].mp3
May 05 11:31 : update: added /Theemai Dhaan Vellum--Raag.Me--.mp3
May 05 11:31 : update: added /Thaabangale - SenSongsMp3.Co.mp3
May 05 11:31 : update: added /Halena.mp3
May 05 11:31 : update: added /Chennai-City-Gangsta.mp3
May 05 11:31 : update: added /iphone_notification.mp3
May 05 11:31 : update: added /Omana Penne.mp3
May 05 11:31 : update: added /Adiyae_Azhagae-StarMusiQ.Com.mp3
May 05 11:31 : update: added /Nenjorathil_Female.mp3
May 05 11:31 : update: added /Sickick - Infected.mp3
May 05 11:31 : update: added /Troyboi & Skrillex - Warlordz (Fabian Mazur Remix).mp3
May 05 11:31 : update: added /Odece Betrayal..mp3
May 05 11:31 : update: added /Irumbile Oru Idhaiyam.mp3
May 05 11:31 : update: added /Thanga Sela - SenSongsMp3.Co.mp3
May 05 11:31 : update: added /Vinmeen_Vithaiyil-StarMusiQ.Com.mp3
May 05 11:43 : exception: Failed to access /home/shreyas/Downloads/My Music: No such file or directory
May 05 11:43 : exception: Failed to read mixer for 'ALSA sound card': no such mixer control: PCM
May 05 11:46 : exception: Failed to read mixer for 'ALSA sound card': no such mixer control: PCM
May 05 11:50 : exception: Failed to read mixer for 'ALSA sound card': no such mixer control: PCM
May 05 11:52 : exception: Failed to open mixer for 'ALSA sound card': no such mixer control: PCM
May 05 11:52 : player: played "Imagine_Dragons_-_Believer.mp3"
May 05 11:53 : exception: Failed to open mixer for 'ALSA sound card': no such mixer control: PCM
May 05 11:53 : player: played "Aero Chord - Drop It.mp3"
May 05 11:53 : exception: Failed to open mixer for 'ALSA sound card': no such mixer control: PCM
May 05 12:12 : exception: Failed to open mixer for 'ALSA sound card': no such mixer control: PCM
May 05 12:12 : player: played "Aero Chord - Drop It.mp3"
May 05 12:15 : exception: Failed to open mixer for 'ALSA sound card': no such mixer control: PCM
May 05 12:15 : player: played "Aero Chord - Drop It.mp3"
May 05 12:15 : exception: Failed to open mixer for 'ALSA sound card': no such mixer control: PCM
May 05 12:15 : player: played "Aero Chord - Drop It.mp3"
May 05 12:23 : exception: Failed to read mixer for 'ALSA sound card': no such mixer control: PCM
May 05 12:23 : exception: Failed to open mixer for 'ALSA sound card': no such mixer control: PCM
May 05 12:23 : alsa_output: Decoder is too slow; playing silence to avoid xrun
May 05 12:23 : player: played "Apashe - Majesty (feat. Wasiu) Trap Music.mp3"
May 05 19:21 : exception: Failed to read mixer for 'ALSA sound card': no such mixer control: PCM
May 05 19:25 : exception: Failed to open mixer for 'ALSA sound card': no such mixer control: PCM
May 05 19:27 : exception: Failed to open mixer for 'ALSA sound card': no such mixer control: PCM
May 05 19:29 : exception: Failed to open mixer for 'ALSA sound card': no such mixer control: PCM
May 05 19:30 : exception: Failed to open mixer for 'ALSA sound card': no such mixer control: PCM
May 05 19:30 : player: played "Imagine Dragons - Whatever It Takes (Oddcube & Arcando Remix).mp3"
May 05 19:30 : exception: Failed to open mixer for 'ALSA sound card': no such mixer control: PCM
May 05 19:30 : player: played "Danny Olson - Waiting (ft. Bianca).mp3"
May 05 19:30 : exception: Failed to open mixer for 'ALSA sound card': no such mixer control: PCM
May 05 19:34 : player: played "Danny Olson - Waiting (ft. Bianca).mp3"
May 05 19:44 : exception: Failed to open mixer for 'ALSA sound card': no such mixer control: PCM
May 05 19:45 : exception: Failed to open mixer for 'ALSA sound card': no such mixer control: PCM
May 05 19:48 : player: played "Apashe - Majesty (feat. Wasiu) Trap Music.mp3"
May 05 19:50 : exception: Failed to open mixer for 'ALSA sound card': no such mixer control: PCM
May 05 19:50 : alsa_output: Decoder is too slow; playing silence to avoid xrun
May 05 19:54 : player: played "Serhat Durmus - Not Alone.mp3"
May 05 19:58 : player: played "Sickick - Infected.mp3"
May 05 20:01 : player: played "Billie Eilish - bad guy.mp3"
May 05 20:04 : player: played "BLVCKLIST, Cleeezus & Blvkstn - West Coast.mp3"
May 05 20:07 : player: played "Y2K, bbno$ - Lalala (Official Video).mp3"
May 05 20:10 : player: played "Barren Gates - Area 51.mp3"
May 05 20:11 : alsa_output: Decoder is too slow; playing silence to avoid xrun
May 05 20:11 : player: played "Apashe - Majesty (feat. Wasiu) Trap Music.mp3"
May 05 20:11 : update: added /8. Run with Me Detroit Become Human OST.mp3
May 05 20:11 : update: added /5. Song of the Lost Girl Detroit Become Human OST.mp3
May 05 20:11 : update: added /6. Kara Main Theme Detroit Become Human OST.mp3
May 05 20:11 : update: added /dragonforce (Fairy Tail but is it okay if it's lofi hiphop).mp3
May 05 20:30 : exception: Failed to open mixer for 'ALSA sound card': no such mixer control: PCM
May 05 20:33 : player: played "Odece Betrayal..mp3"
May 06 09:41 : exception: Failed to read mixer for 'ALSA sound card': no such mixer control: PCM
May 06 10:26 : exception: Failed to open mixer for 'ALSA sound card': no such mixer control: PCM
May 06 10:27 : player: played "5. Song of the Lost Girl Detroit Become Human OST.mp3"
May 06 10:27 : exception: Failed to open mixer for 'ALSA sound card': no such mixer control: PCM
May 06 10:27 : player: played "dragonforce (Fairy Tail but is it okay if it's lofi hiphop).mp3"
May 06 10:27 : exception: Failed to open mixer for 'ALSA sound card': no such mixer control: PCM
May 06 10:27 : player: played "dragonforce (Fairy Tail but is it okay if it's lofi hiphop).mp3"
May 07 12:34 : exception: Failed to read mixer for 'ALSA sound card': no such mixer control: PCM
May 07 12:34 : exception: Failed to open mixer for 'ALSA sound card': no such mixer control: PCM
May 07 12:34 : exception: Failed to open mixer for 'ALSA sound card': no such mixer control: PCM
May 07 12:36 : exception: Failed to open mixer for 'ALSA sound card': no such mixer control: PCM
May 07 12:36 : alsa_output: Decoder is too slow; playing silence to avoid xrun
May 07 12:38 : player: played "Billie Eilish - bad guy.mp3"
May 07 12:41 : player: played "Y2K, bbno$ - Lalala (Official Video).mp3"
May 08 15:42 : exception: Failed to read mixer for 'ALSA sound card': no such mixer control: PCM
May 08 15:47 : exception: Failed to read mixer for 'ALSA sound card': no such mixer control: PCM
May 08 15:48 : exception: Failed to read mixer for 'ALSA sound card': no such mixer control: PCM
May 08 16:08 : exception: Failed to open mixer for 'ALSA sound card': no such mixer control: PCM
May 08 16:08 : player: played "John Denver - Take Me Home, Country Roads (Audio).mp3"
May 08 17:00 : exception: Failed to read mixer for 'ALSA sound card': no such mixer control: PCM
May 08 17:02 : exception: Failed to open mixer for 'ALSA sound card': no such mixer control: PCM
May 08 17:02 : exception: Failed to open mixer for 'ALSA sound card': no such mixer control: PCM
May 08 17:02 : player: played "Serhat Durmus - Hislerim (ft. Zerrin).mp3"
May 08 17:41 : exception: Failed to read mixer for 'ALSA sound card': no such mixer control: PCM
May 08 17:45 : exception: Failed to open mixer for 'ALSA sound card': no such mixer control: PCM
May 08 17:46 : player: played "Serhat Durmus - Silence Of Reality.mp3"
May 08 18:04 : exception: Failed to read mixer for 'ALSA sound card': no such mixer control: PCM
May 08 18:04 : exception: Failed to open mixer for 'ALSA sound card': no such mixer control: PCM
May 08 18:05 : player: played "Toto - Africa (Official Music Video).mp3"
May 08 18:05 : exception: Failed to open mixer for 'ALSA sound card': no such mixer control: PCM
May 08 18:05 : player: played "Toto - Africa (Official Music Video).mp3"
May 09 10:55 : exception: Failed to read mixer for 'ALSA sound card': no such mixer control: PCM
May 09 13:10 : exception: Failed to read mixer for 'ALSA sound card': no such mixer control: PCM
